2023-01-02 1
2023-01-03 1
2023-01-03 2
2023-01-03 3
2023-01-03 4
2023-01-04 1
2023-01-05 1
2023-01-05 2
2023-01-06 1
2023-01-06 2
2023-01-06 3
2023-01-06 4
2023-01-06 5
2023-01-09 1
2023-01-09 2
2023-01-09 3
2023-01-10 1
2023-01-11 1
2023-01-11 2
2023-01-11 3
2023-01-12 1
2023-01-12 2
2023-01-12 3
2023-01-13 1
2023-01-13 2
2023-01-13 3
2023-01-13 4
2023-01-13 5
2023-01-13 6
2023-01-13 7
2023-01-16 1
2023-01-17 1
2023-01-17 2
2023-01-17 3
2023-01-17 4
2023-01-18 1
2023-01-19 1
2023-01-23 1
2023-01-23 2
2023-01-23 3
2023-01-23 4
2023-01-23 5
2023-01-23 6
2023-01-24 1
2023-01-25 1
2023-01-25 2
2023-01-26 1
2023-01-26 2
2023-01-26 3
2023-01-26 4
2023-01-26 5
2023-01-26 6
2023-01-26 7
2023-01-27 1
2023-01-27 2
2023-01-27 3
2023-01-27 4
2023-01-27 5
2023-01-30 1
2023-01-30 2
2023-01-30 3
2023-01-31 1
2023-01-31 2
2023-02-02 1
2023-02-03 1
2023-02-06 1
2023-02-06 2
2023-02-06 3
2023-02-06 4
2023-02-07 1
2023-02-09 1
2023-02-09 2
2023-02-10 1
2023-02-10 2
2023-02-13 1
2023-02-13 2
